<?xml version="1.0" encoding="UTF-8"?>
<!-- Generated by org.testng.reporters.JUnitXMLReporter -->
<testsuite ignored="5" hostname="kuldeep" failures="0" tests="1" name="Default test" time="5.137" errors="0" timestamp="2025-06-13T17:27:21 IST">
  <testcase classname="testCases.addPatient" name="saveDetails_Logout_Relogin_ValidateDatatable" time="1.73"/>
  <testcase classname="testCases.addPatient" name="submitPatientDetails" time="0.0">
    <ignored/>
  </testcase> <!-- submitPatientDetails -->
  <testcase classname="testCases.addPatient" name="clickAddpatient" time="0.0">
    <ignored/>
  </testcase> <!-- clickAddpatient -->
  <testcase classname="testCases.addPatient" name="SubmitInvalidDataDetailsEntry" time="0.0">
    <ignored/>
  </testcase> <!-- SubmitInvalidDataDetailsEntry -->
  <testcase classname="testCases.addPatient" name="SubmitBlankFields" time="0.0">
    <ignored/>
  </testcase> <!-- SubmitBlankFields -->
  <testcase classname="testCases.addPatient" name="fillFormFieldData" time="0.0">
    <ignored/>
  </testcase> <!-- fillFormFieldData -->
</testsuite> <!-- Default test -->
