<?xml version="1.0" encoding="UTF-8"?>
<testng-results ignored="5" total="6" passed="1" failed="0" skipped="0">
  <reporter-output>
  </reporter-output>
  <suite started-at="2025-06-13T17:27:16 IST" name="Default suite" finished-at="2025-06-13T17:27:21 IST" duration-ms="5137">
    <groups>
    </groups>
    <test started-at="2025-06-13T17:27:16 IST" name="Default test" finished-at="2025-06-13T17:27:21 IST" duration-ms="5137">
      <class name="testCases.addPatient">
        <test-method is-config="true" signature="launchWebsite()[pri:0, instance:testCases.addPatient@477b4cdf]" started-at="2025-06-13T17:27:16 IST" name="launchWebsite" finished-at="2025-06-13T17:27:19 IST" duration-ms="3363" status="PASS">
          <reporter-output>
          </reporter-output>
        </test-method> <!-- launchWebsite -->
        <test-method signature="saveDetails_Logout_Relogin_ValidateDatatable()[pri:0, instance:testCases.addPatient@477b4cdf]" started-at="2025-06-13T17:27:19 IST" name="saveDetails_Logout_Relogin_ValidateDatatable" finished-at="2025-06-13T17:27:21 IST" duration-ms="1730" status="PASS">
          <reporter-output>
          </reporter-output>
        </test-method> <!-- saveDetails_Logout_Relogin_ValidateDatatable -->
        <test-method is-config="true" signature="tearDown()[pri:0, instance:testCases.addPatient@477b4cdf]" started-at="2025-06-13T17:27:21 IST" name="tearDown" finished-at="2025-06-13T17:27:21 IST" duration-ms="1" status="PASS">
          <reporter-output>
          </reporter-output>
        </test-method> <!-- tearDown -->
      </class> <!-- testCases.addPatient -->
    </test> <!-- Default test -->
  </suite> <!-- Default suite -->
</testng-results>
